My project/Projeto/Library/Bee/Android/Prj/Mono2x/Gradle/launcher/build/intermediates/manifest_merge_blame_file/release/processReleaseMainManifest/manifest-merger-blame-release-report.txt
1<?xml version="1.0" encoding="utf-8"?>
2<manifest xmlns:android="http://schemas.android.com/apk/res/android"
3    package="edu.ifpr.Fazendeiro"
4    android:installLocation="preferExternal"
5    android:versionCode="1"
6    android:versionName="0.1" >
7
8    <uses-sdk
9        android:minSdkVersion="25"
10        android:targetSdkVersion="36" />
11
12    <supports-screens
12-->src\main\AndroidManifest.xml:4:3-163
13        android:anyDensity="true"
13-->src\main\AndroidManifest.xml:4:135-160
14        android:largeScreens="true"
14-->src\main\AndroidManifest.xml:4:78-105
15        android:normalScreens="true"
15-->src\main\AndroidManifest.xml:4:49-77
16        android:smallScreens="true"
16-->src\main\AndroidManifest.xml:4:21-48
17        android:xlargeScreens="true" />
17-->src\main\AndroidManifest.xml:4:106-134
18
19    <uses-permission android:name="android.permission.INTERNET" />
19-->[:unityLibrary] AndroidManifest.xml:8:5-67
19-->[:unityLibrary] AndroidManifest.xml:8:22-64
20
21    <uses-feature android:glEsVersion="0x00030000" />
21-->[:unityLibrary] AndroidManifest.xml:10:5-54
21-->[:unityLibrary] AndroidManifest.xml:10:19-51
22    <uses-feature
22-->[:unityLibrary] AndroidManifest.xml:11:5-13:36
23        android:name="android.hardware.vulkan.version"
23-->[:unityLibrary] AndroidManifest.xml:12:9-55
24        android:required="false" />
24-->[:unityLibrary] AndroidManifest.xml:13:9-33
25    <uses-feature
25-->[:unityLibrary] AndroidManifest.xml:14:5-16:36
26        android:name="android.hardware.touchscreen"
26-->[:unityLibrary] AndroidManifest.xml:15:9-52
27        android:required="false" />
27-->[:unityLibrary] AndroidManifest.xml:16:9-33
28    <uses-feature
28-->[:unityLibrary] AndroidManifest.xml:17:5-19:36
29        android:name="android.hardware.touchscreen.multitouch"
29-->[:unityLibrary] AndroidManifest.xml:18:9-63
30        android:required="false" />
30-->[:unityLibrary] AndroidManifest.xml:19:9-33
31    <uses-feature
31-->[:unityLibrary] AndroidManifest.xml:20:5-22:36
32        android:name="android.hardware.touchscreen.multitouch.distinct"
32-->[:unityLibrary] AndroidManifest.xml:21:9-72
33        android:required="false" />
33-->[:unityLibrary] AndroidManifest.xml:22:9-33
34
35    <application
35-->src\main\AndroidManifest.xml:3:3-83
36        android:appCategory="game"
36-->[:unityLibrary] AndroidManifest.xml:25:9-35
37        android:enableOnBackInvokedCallback="true"
37-->[:unityLibrary] AndroidManifest.xml:26:9-51
38        android:extractNativeLibs="true"
39        android:icon="@mipmap/app_icon"
39-->src\main\AndroidManifest.xml:3:16-47
40        android:label="@string/app_name" >
40-->src\main\AndroidManifest.xml:3:48-80
41        <meta-data
41-->[:unityLibrary] AndroidManifest.xml:28:9-30:33
42            android:name="unity.splash-mode"
42-->[:unityLibrary] AndroidManifest.xml:29:13-45
43            android:value="0" />
43-->[:unityLibrary] AndroidManifest.xml:30:13-30
44        <meta-data
44-->[:unityLibrary] AndroidManifest.xml:31:9-33:36
45            android:name="unity.splash-enable"
45-->[:unityLibrary] AndroidManifest.xml:32:13-47
46            android:value="True" />
46-->[:unityLibrary] AndroidManifest.xml:33:13-33
47        <meta-data
47-->[:unityLibrary] AndroidManifest.xml:34:9-36:36
48            android:name="unity.launch-fullscreen"
48-->[:unityLibrary] AndroidManifest.xml:35:13-51
49            android:value="True" />
49-->[:unityLibrary] AndroidManifest.xml:36:13-33
50        <meta-data
50-->[:unityLibrary] AndroidManifest.xml:37:9-39:36
51            android:name="unity.render-outside-safearea"
51-->[:unityLibrary] AndroidManifest.xml:38:13-57
52            android:value="True" />
52-->[:unityLibrary] AndroidManifest.xml:39:13-33
53        <meta-data
53-->[:unityLibrary] AndroidManifest.xml:40:9-42:50
54            android:name="notch.config"
54-->[:unityLibrary] AndroidManifest.xml:41:13-40
55            android:value="portrait|landscape" />
55-->[:unityLibrary] AndroidManifest.xml:42:13-47
56        <meta-data
56-->[:unityLibrary] AndroidManifest.xml:43:9-45:36
57            android:name="unity.auto-report-fully-drawn"
57-->[:unityLibrary] AndroidManifest.xml:44:13-57
58            android:value="true" />
58-->[:unityLibrary] AndroidManifest.xml:45:13-33
59        <meta-data
59-->[:unityLibrary] AndroidManifest.xml:46:9-48:37
60            android:name="unity.strip-engine-code"
60-->[:unityLibrary] AndroidManifest.xml:47:13-51
61            android:value="false" />
61-->[:unityLibrary] AndroidManifest.xml:48:13-34
62        <meta-data
62-->[:unityLibrary] AndroidManifest.xml:49:9-51:36
63            android:name="unity.auto-set-game-state"
63-->[:unityLibrary] AndroidManifest.xml:50:13-53
64            android:value="true" />
64-->[:unityLibrary] AndroidManifest.xml:51:13-33
65
66        <activity
66-->[:unityLibrary] AndroidManifest.xml:53:9-79:20
67            android:name="com.unity3d.player.UnityPlayerActivity"
67-->[:unityLibrary] AndroidManifest.xml:54:13-66
68            android:configChanges="mcc|mnc|locale|touchscreen|keyboard|keyboardHidden|navigation|orientation|screenLayout|uiMode|screenSize|smallestScreenSize|fontScale|layoutDirection|density"
68-->[:unityLibrary] AndroidManifest.xml:55:13-194
69            android:enabled="true"
69-->[:unityLibrary] AndroidManifest.xml:56:13-35
70            android:exported="true"
70-->[:unityLibrary] AndroidManifest.xml:57:13-36
71            android:hardwareAccelerated="false"
71-->[:unityLibrary] AndroidManifest.xml:58:13-48
72            android:launchMode="singleTask"
72-->[:unityLibrary] AndroidManifest.xml:59:13-44
73            android:resizeableActivity="false"
73-->[:unityLibrary] AndroidManifest.xml:60:13-47
74            android:screenOrientation="fullUser"
74-->[:unityLibrary] AndroidManifest.xml:61:13-49
75            android:theme="@style/UnityThemeSelector" >
75-->[:unityLibrary] AndroidManifest.xml:62:13-54
76            <intent-filter>
76-->[:unityLibrary] AndroidManifest.xml:63:13-67:29
77                <category android:name="android.intent.category.LAUNCHER" />
77-->[:unityLibrary] AndroidManifest.xml:64:17-77
77-->[:unityLibrary] AndroidManifest.xml:64:27-74
78
79                <action android:name="android.intent.action.MAIN" />
79-->[:unityLibrary] AndroidManifest.xml:66:17-69
79-->[:unityLibrary] AndroidManifest.xml:66:25-66
80            </intent-filter>
81
82            <meta-data
82-->[:unityLibrary] AndroidManifest.xml:69:13-71:40
83                android:name="unityplayer.UnityActivity"
83-->[:unityLibrary] AndroidManifest.xml:70:17-57
84                android:value="true" />
84-->[:unityLibrary] AndroidManifest.xml:71:17-37
85            <meta-data
85-->[:unityLibrary] AndroidManifest.xml:72:13-74:40
86                android:name="notch_support"
86-->[:unityLibrary] AndroidManifest.xml:73:17-45
87                android:value="true" />
87-->[:unityLibrary] AndroidManifest.xml:74:17-37
88
89            <layout
89-->[:unityLibrary] AndroidManifest.xml:76:13-78:44
90                android:minHeight="300px"
90-->[:unityLibrary] AndroidManifest.xml:77:17-42
91                android:minWidth="400px" />
91-->[:unityLibrary] AndroidManifest.xml:78:17-41
92        </activity>
93    </application>
94
95</manifest>